<?xml version="1.0" encoding="UTF-8"?>
<!-- Generated by org.testng.reporters.JUnitReportReporter -->
<testsuite skipped="0" hostname="SriramManda-PC" name="cts.miniproject.test.VerifyWordpressLogin" tests="1" failures="0" timestamp="2020-03-28T16:55:13 IST" time="43.347" errors="0">
  <testcase name="verifyValidLogin" time="43.347" classname="cts.miniproject.test.VerifyWordpressLogin"/>
  <system-out/>
</testsuite> <!-- cts.miniproject.test.VerifyWordpressLogin -->
