<?xml version="1.0" encoding="UTF-8"?>
<!-- Generated by org.testng.reporters.JUnitReportReporter -->
<testsuite skipped="0" hostname="SriramManda-PC" name="cts.testng.practise.LoginScript" tests="1" failures="0" timestamp="2020-03-25T15:31:59 IST" time="30.278" errors="0">
  <testcase name="loginToApplication" time="30.278" classname="cts.testng.practise.LoginScript"/>
  <system-out/>
</testsuite> <!-- cts.testng.practise.LoginScript -->
