<?xml version="1.0" encoding="UTF-8"?>
<!-- Generated by org.testng.reporters.JUnitReportReporter -->
<testsuite skipped="0" hostname="SriramManda-PC" name="cts.miniproject.test.VerifyWordpessLoginPageFactory" tests="1" failures="0" timestamp="2020-03-26T12:42:52 IST" time="38.553" errors="0">
  <testcase name="checkValidUser" time="38.553" classname="cts.miniproject.test.VerifyWordpessLoginPageFactory"/>
  <system-out/>
</testsuite> <!-- cts.miniproject.test.VerifyWordpessLoginPageFactory -->
