<?xml version="1.0" encoding="UTF-8"?>
<!-- Generated by org.testng.reporters.JUnitReportReporter -->
<testsuite skipped="0" hostname="SriramManda-PC" name="cts.miniproject.test.VerifyWordpressLoginPageFactory" tests="1" failures="0" timestamp="2020-03-28T17:04:02 IST" time="15.736" errors="0">
  <testcase name="checkValidUser" time="15.736" classname="cts.miniproject.test.VerifyWordpressLoginPageFactory"/>
  <system-out/>
</testsuite> <!-- cts.miniproject.test.VerifyWordpressLoginPageFactory -->
