<?xml version="1.0" encoding="UTF-8"?>
<!-- Generated by org.testng.reporters.JUnitReportReporter -->
<testsuite skipped="0" hostname="SriramManda-PC" name="cts.testng.practise.Display" tests="5" failures="0" timestamp="2020-03-24T15:42:22 IST" time="0.038" errors="0">
  <testcase name="admin2" time="0.003" classname="cts.testng.practise.Display"/>
  <system-out/>
  <testcase name="customer1" time="0.003" classname="cts.testng.practise.Display"/>
  <system-out/>
  <testcase name="customer3" time="0.002" classname="cts.testng.practise.Display"/>
  <system-out/>
  <testcase name="admin1" time="0.027" classname="cts.testng.practise.Display"/>
  <system-out/>
  <testcase name="customer2" time="0.003" classname="cts.testng.practise.Display"/>
  <system-out/>
</testsuite> <!-- cts.testng.practise.Display -->
