<?xml version="1.0" encoding="UTF-8"?>
<!-- Generated by org.testng.reporters.JUnitReportReporter -->
<testsuite skipped="0" hostname="SriramManda-PC" name="cts.testng.practise.parallei1" tests="3" failures="0" timestamp="2020-03-25T08:48:08 IST" time="0.059" errors="0">
  <testcase name="testCase1" time="0.031" classname="cts.testng.practise.parallei1"/>
  <system-out/>
  <testcase name="testCase2" time="0.003" classname="cts.testng.practise.parallei1"/>
  <system-out/>
  <testcase name="testCase3" time="0.025" classname="cts.testng.practise.parallei1"/>
  <system-out/>
</testsuite> <!-- cts.testng.practise.parallei1 -->
