<?xml version="1.0" encoding="UTF-8"?>
<!-- Generated by org.testng.reporters.JUnitReportReporter -->
<testsuite skipped="0" hostname="SriramManda-PC" name="cts.miniproject.test.TestSeleniumInChrome" tests="1" failures="0" timestamp="2020-03-28T14:22:35 IST" time="9.522" errors="0">
  <testcase name="testchrome" time="9.522" classname="cts.miniproject.test.TestSeleniumInChrome"/>
  <system-out/>
</testsuite> <!-- cts.miniproject.test.TestSeleniumInChrome -->
