<?xml version="1.0" encoding="UTF-8"?>
<!-- Generated by org.testng.reporters.JUnitReportReporter -->
<testsuite skipped="0" hostname="SriramManda-PC" name="cts.testng.practise.TestSelenium" tests="1" failures="0" timestamp="2020-03-28T14:17:41 IST" time="0.019" errors="0">
  <testcase name="testconfig" time="0.019" classname="cts.testng.practise.TestSelenium"/>
  <system-out/>
</testsuite> <!-- cts.testng.practise.TestSelenium -->
